2025-02-14 08:50:39 info: Started EtradeNodeCLient app using config file: config.ini
2025-02-14 08:50:41 info: User key type is : sandbox
2025-02-14 08:51:00 error: Error in quoteFetch: undefined
2025-02-14 08:51:05 error: Error in quoteFetch: undefined
2025-02-14 08:51:10 error: Error in quoteFetch: undefined
2025-02-14 08:51:15 error: Error in quoteFetch: undefined
2025-02-14 08:51:20 error: Error in quoteFetch: undefined
2025-02-14 08:51:25 error: Error in quoteFetch: undefined
2025-02-14 08:51:30 error: Error in quoteFetch: undefined
2025-02-14 08:51:35 error: Error in quoteFetch: undefined
2025-02-14 08:51:40 error: Error in quoteFetch: undefined
2025-02-14 08:51:45 error: Error in quoteFetch: undefined
2025-02-14 08:51:50 error: Error in quoteFetch: undefined
2025-02-14 08:51:53 info: Started EtradeNodeCLient app using config file: config.ini
2025-02-14 08:51:55 info: User key type is : sandbox
2025-02-14 08:52:09 error: Error fetching quote: undefined
2025-02-14 08:52:09 error: Error fetching quote: undefined
2025-02-14 08:52:14 error: Error fetching quote: undefined
2025-02-14 08:52:19 error: Error fetching quote: undefined
2025-02-14 08:53:19 info: Started EtradeNodeCLient app using config file: config.ini
2025-02-14 08:53:21 info: User key type is : sandbox
2025-02-14 08:53:36 error: Error fetching quote: undefined
2025-02-14 08:53:36 error: Error fetching quote: undefined
2025-02-14 08:53:41 error: Error fetching quote: undefined
2025-02-14 08:53:46 error: Error fetching quote: undefined
2025-02-14 08:53:51 error: Error fetching quote: undefined
2025-02-14 08:55:12 info: Started EtradeNodeCLient app using config file: config.ini
2025-02-14 08:55:17 info: User key type is : sandbox
2025-02-14 08:55:32 error: Error fetching quote: undefined
2025-02-14 08:55:32 error: Error fetching quote: Error fetching quote: undefined
2025-02-14 08:55:36 error: Error fetching quote: undefined
2025-02-14 08:55:41 error: Error fetching quote: undefined
2025-02-14 08:59:41 info: Started EtradeNodeCLient app using config file: config.ini
2025-02-14 08:59:45 info: User key type is : sandbox
2025-02-14 08:59:58 error: Error fetching quote: undefined
2025-02-14 08:59:58 error: Error fetching quote: Error fetching quote: undefined
2025-02-14 09:00:03 error: Error fetching quote: undefined
2025-02-14 09:00:08 error: Error fetching quote: undefined
2025-02-14 09:00:13 error: Error fetching quote: undefined
2025-02-14 09:00:18 error: Error fetching quote: undefined
2025-02-14 09:00:23 error: Error fetching quote: undefined
2025-02-14 09:00:28 error: Error fetching quote: undefined
2025-02-14 09:00:33 error: Error fetching quote: undefined
2025-02-14 09:00:38 error: Error fetching quote: undefined
2025-02-14 09:00:43 error: Error fetching quote: undefined
2025-02-14 09:00:48 error: Error fetching quote: undefined
2025-02-14 09:00:53 error: Error fetching quote: undefined
2025-02-14 09:00:58 error: Error fetching quote: undefined
2025-02-14 09:01:03 error: Error fetching quote: undefined
2025-02-14 09:01:08 error: Error fetching quote: undefined
2025-02-14 09:01:13 error: Error fetching quote: undefined
2025-02-14 09:01:18 error: Error fetching quote: undefined
2025-02-14 09:01:23 error: Error fetching quote: undefined
2025-02-14 09:01:28 error: Error fetching quote: undefined
2025-02-14 09:01:33 error: Error fetching quote: undefined
2025-02-14 09:01:38 error: Error fetching quote: undefined
2025-02-14 09:01:43 error: Error fetching quote: undefined
2025-02-14 09:01:48 error: Error fetching quote: undefined
2025-02-14 09:01:53 error: Error fetching quote: undefined
2025-02-14 09:01:58 error: Error fetching quote: undefined
2025-02-14 09:02:03 error: Error fetching quote: undefined
2025-02-14 09:02:08 error: Error fetching quote: undefined
2025-02-14 09:02:13 error: Error fetching quote: undefined
2025-02-14 09:02:18 error: Error fetching quote: undefined
2025-02-14 09:02:23 error: Error fetching quote: undefined
2025-02-14 09:02:28 error: Error fetching quote: undefined
2025-02-14 09:02:33 error: Error fetching quote: undefined
2025-02-14 09:02:38 error: Error fetching quote: undefined
2025-02-14 09:02:43 error: Error fetching quote: undefined
2025-02-14 09:02:48 error: Error fetching quote: undefined
2025-02-14 09:02:53 error: Error fetching quote: undefined
2025-02-14 09:02:58 error: Error fetching quote: undefined
2025-02-14 09:03:03 error: Error fetching quote: undefined
2025-02-14 09:03:08 error: Error fetching quote: undefined
2025-02-14 09:03:13 error: Error fetching quote: undefined
2025-02-14 09:03:18 error: Error fetching quote: undefined
2025-02-14 09:03:23 error: Error fetching quote: undefined
2025-02-14 09:03:28 error: Error fetching quote: undefined
2025-02-14 09:03:33 error: Error fetching quote: undefined
2025-02-14 09:03:38 error: Error fetching quote: undefined
2025-02-14 09:03:43 error: Error fetching quote: undefined
2025-02-14 09:03:48 error: Error fetching quote: undefined
2025-02-14 09:03:53 error: Error fetching quote: undefined
2025-02-14 09:03:58 error: Error fetching quote: undefined
2025-02-14 09:04:03 error: Error fetching quote: undefined
2025-02-14 09:04:08 error: Error fetching quote: undefined
2025-02-14 09:04:13 error: Error fetching quote: undefined
2025-02-14 09:04:18 error: Error fetching quote: undefined
2025-02-14 09:04:23 error: Error fetching quote: undefined
2025-02-14 09:04:28 error: Error fetching quote: undefined
2025-02-14 09:04:33 error: Error fetching quote: undefined
2025-02-14 09:04:38 error: Error fetching quote: undefined
2025-02-14 09:04:43 error: Error fetching quote: undefined
2025-02-14 09:04:48 error: Error fetching quote: undefined
2025-02-14 09:04:53 error: Error fetching quote: undefined
2025-02-14 09:04:58 error: Error fetching quote: undefined
2025-02-14 09:05:03 error: Error fetching quote: undefined
2025-02-14 09:05:08 error: Error fetching quote: undefined
2025-02-14 09:05:13 error: Error fetching quote: undefined
2025-02-14 09:05:18 error: Error fetching quote: undefined
2025-02-14 09:05:23 error: Error fetching quote: undefined
2025-02-14 09:05:28 error: Error fetching quote: undefined
2025-02-14 09:05:33 error: Error fetching quote: undefined
2025-02-14 09:05:38 error: Error fetching quote: undefined
2025-02-14 09:05:43 error: Error fetching quote: undefined
2025-02-14 09:05:48 error: Error fetching quote: undefined
2025-02-14 09:05:53 error: Error fetching quote: undefined
2025-02-14 09:05:58 error: Error fetching quote: undefined
2025-02-14 09:06:03 error: Error fetching quote: undefined
2025-02-14 09:06:08 error: Error fetching quote: undefined
2025-02-14 09:06:13 error: Error fetching quote: undefined
2025-02-14 09:06:18 error: Error fetching quote: undefined
2025-02-14 09:06:23 error: Error fetching quote: undefined
2025-02-14 09:06:28 error: Error fetching quote: undefined
2025-02-14 09:06:33 error: Error fetching quote: undefined
2025-02-14 09:06:38 error: Error fetching quote: undefined
2025-02-14 09:06:43 error: Error fetching quote: undefined
2025-02-14 09:06:48 error: Error fetching quote: undefined
2025-02-14 09:06:53 error: Error fetching quote: undefined
2025-02-14 09:06:58 error: Error fetching quote: undefined
2025-02-14 09:07:03 error: Error fetching quote: undefined
2025-02-14 09:07:08 error: Error fetching quote: undefined
2025-02-14 09:07:13 error: Error fetching quote: undefined
2025-02-14 09:07:18 error: Error fetching quote: undefined
2025-02-14 09:07:23 error: Error fetching quote: undefined
2025-02-14 09:07:28 error: Error fetching quote: undefined
2025-02-14 09:07:33 error: Error fetching quote: undefined
2025-02-14 09:07:38 error: Error fetching quote: undefined
2025-02-14 09:07:43 error: Error fetching quote: undefined
2025-02-14 09:07:48 error: Error fetching quote: undefined
2025-02-14 09:07:53 error: Error fetching quote: undefined
2025-02-14 09:07:58 info: Started EtradeNodeCLient app using config file: config.ini
2025-02-14 09:08:02 info: User key type is : sandbox
2025-02-14 09:08:16 error: Error fetching quote: undefined
2025-02-14 09:08:16 error: Error fetching quote: Error fetching quote: undefined
2025-02-14 09:08:21 error: Error fetching quote: undefined
2025-02-14 09:10:02 info: Started EtradeNodeCLient app using config file: config.ini
2025-02-14 09:10:08 info: User key type is : sandbox
2025-02-14 09:10:23 error: Error fetching quote: undefined
2025-02-14 09:10:23 error: Error fetching quote: Error fetching quote: undefined
2025-02-14 09:10:28 error: Error fetching quote: undefined
2025-02-14 09:10:33 error: Error fetching quote: undefined
2025-02-14 09:11:37 info: Started EtradeNodeCLient app using config file: config.ini
2025-02-14 09:11:39 info: User key type is : sandbox
2025-02-14 09:11:52 error: Error fetching quote: undefined
2025-02-14 09:11:52 error: Error fetching quote: Error fetching quote: undefined
2025-02-14 09:11:57 error: Error fetching quote: undefined
2025-02-14 09:12:02 error: Error fetching quote: undefined
2025-02-14 09:18:06 info: Started EtradeNodeCLient app using config file: config.ini
2025-02-14 09:18:09 info: User key type is : sandbox
2025-02-14 09:18:23 info: At quoteFetch with SPY
2025-02-14 09:18:24 info: At quoteFetch with SPY
2025-02-14 09:18:24 error: Error fetching quote: undefined
2025-02-14 09:18:24 error: Error fetching quote: Error fetching quote: undefined
2025-02-14 09:18:28 info: At quoteFetch with SPY
2025-02-14 09:18:29 error: Error fetching quote: undefined
2025-02-14 09:18:33 info: At quoteFetch with SPY
2025-02-14 09:18:33 error: Error fetching quote: undefined
2025-02-14 09:18:38 info: At quoteFetch with SPY
2025-02-14 09:18:38 error: Error fetching quote: undefined
2025-02-14 09:18:43 info: At quoteFetch with SPY
2025-02-14 09:18:44 error: Error fetching quote: undefined
2025-02-14 09:18:48 info: At quoteFetch with SPY
2025-02-14 09:18:48 error: Error fetching quote: undefined
2025-02-14 09:20:27 info: Started EtradeNodeCLient app using config file: config.ini
2025-02-14 09:20:30 info: User key type is : sandbox
2025-02-14 09:20:44 info: At quoteFetch with SPY
2025-02-14 09:20:44 info: at get accessToken
2025-02-14 09:20:44 info: At quoteFetch with SPY
2025-02-14 09:20:44 info: at get accessToken
2025-02-14 09:20:45 error: Error fetching quote: undefined
2025-02-14 09:20:45 error: Error fetching quote: Error fetching quote: undefined
2025-02-14 09:20:49 info: At quoteFetch with SPY
2025-02-14 09:20:49 info: at get accessToken
2025-02-14 09:20:49 error: Error fetching quote: undefined
2025-02-14 09:20:54 info: At quoteFetch with SPY
2025-02-14 09:20:54 info: at get accessToken
2025-02-14 09:20:54 error: Error fetching quote: undefined
2025-02-14 09:20:59 info: At quoteFetch with SPY
2025-02-14 09:20:59 info: at get accessToken
2025-02-14 09:20:59 error: Error fetching quote: undefined
2025-02-14 09:21:04 info: At quoteFetch with SPY
2025-02-14 09:21:04 info: at get accessToken
2025-02-14 09:21:04 error: Error fetching quote: undefined
2025-02-14 09:21:09 info: At quoteFetch with SPY
2025-02-14 09:21:09 info: at get accessToken
2025-02-14 09:21:09 error: Error fetching quote: undefined
2025-02-14 09:21:14 info: At quoteFetch with SPY
2025-02-14 09:21:14 info: at get accessToken
2025-02-14 09:21:14 error: Error fetching quote: undefined
2025-02-14 09:21:19 info: At quoteFetch with SPY
2025-02-14 09:21:19 info: at get accessToken
2025-02-14 09:21:19 error: Error fetching quote: undefined
2025-02-14 09:21:24 info: At quoteFetch with SPY
2025-02-14 09:21:24 info: at get accessToken
2025-02-14 09:21:24 error: Error fetching quote: undefined
2025-02-14 09:21:29 info: At quoteFetch with SPY
2025-02-14 09:21:29 info: at get accessToken
2025-02-14 09:21:29 error: Error fetching quote: undefined
2025-02-14 09:21:34 info: At quoteFetch with SPY
2025-02-14 09:21:34 info: at get accessToken
2025-02-14 09:21:34 error: Error fetching quote: undefined
2025-02-14 09:21:39 info: At quoteFetch with SPY
2025-02-14 09:21:39 info: at get accessToken
2025-02-14 09:21:39 error: Error fetching quote: undefined
2025-02-14 09:21:44 info: At quoteFetch with SPY
2025-02-14 09:21:44 info: at get accessToken
2025-02-14 09:21:44 error: Error fetching quote: undefined
2025-02-14 09:21:49 info: At quoteFetch with SPY
2025-02-14 09:21:49 info: at get accessToken
2025-02-14 09:21:49 error: Error fetching quote: undefined
2025-02-14 09:21:54 info: At quoteFetch with SPY
2025-02-14 09:21:54 info: at get accessToken
2025-02-14 09:21:54 error: Error fetching quote: undefined
2025-02-14 09:21:59 info: At quoteFetch with SPY
2025-02-14 09:21:59 info: at get accessToken
2025-02-14 09:21:59 error: Error fetching quote: undefined
2025-02-14 09:22:04 info: At quoteFetch with SPY
2025-02-14 09:22:04 info: at get accessToken
2025-02-14 09:22:04 error: Error fetching quote: undefined
2025-02-14 09:22:09 info: At quoteFetch with SPY
2025-02-14 09:22:09 info: at get accessToken
2025-02-14 09:22:09 error: Error fetching quote: undefined
2025-02-14 09:22:14 info: At quoteFetch with SPY
2025-02-14 09:22:14 info: at get accessToken
2025-02-14 09:22:14 error: Error fetching quote: undefined
2025-02-14 09:22:19 info: At quoteFetch with SPY
2025-02-14 09:22:19 info: at get accessToken
2025-02-14 09:22:19 error: Error fetching quote: undefined
2025-02-14 09:22:24 info: At quoteFetch with SPY
2025-02-14 09:22:24 info: at get accessToken
2025-02-14 09:22:24 error: Error fetching quote: undefined
2025-02-14 09:22:29 info: At quoteFetch with SPY
2025-02-14 09:22:29 info: at get accessToken
2025-02-14 09:22:29 error: Error fetching quote: undefined
2025-02-14 09:22:34 info: At quoteFetch with SPY
2025-02-14 09:22:34 info: at get accessToken
2025-02-14 09:22:34 error: Error fetching quote: undefined
2025-02-14 09:22:39 info: At quoteFetch with SPY
2025-02-14 09:22:39 info: at get accessToken
2025-02-14 09:22:40 error: Error fetching quote: undefined
2025-02-14 09:23:06 info: At quoteFetch with SPY
2025-02-14 09:23:06 info: at get accessToken
2025-02-14 09:23:08 error: Error fetching quote: undefined
2025-02-14 09:23:11 info: At quoteFetch with SPY
2025-02-14 09:23:11 info: at get accessToken
2025-02-14 09:23:11 error: Error fetching quote: undefined
2025-02-14 09:23:16 info: At quoteFetch with SPY
2025-02-14 09:23:16 info: at get accessToken
2025-02-14 09:23:16 error: Error fetching quote: undefined
2025-02-14 09:23:21 info: At quoteFetch with SPY
2025-02-14 09:23:21 info: at get accessToken
2025-02-14 09:23:21 error: Error fetching quote: undefined
2025-02-14 09:23:26 info: At quoteFetch with SPY
2025-02-14 09:23:26 info: at get accessToken
2025-02-14 09:23:26 error: Error fetching quote: undefined
2025-02-14 09:23:31 info: At quoteFetch with SPY
2025-02-14 09:23:31 info: at get accessToken
2025-02-14 09:23:31 error: Error fetching quote: undefined
2025-02-14 09:23:36 info: At quoteFetch with SPY
2025-02-14 09:23:36 info: at get accessToken
2025-02-14 09:23:36 error: Error fetching quote: undefined
2025-02-14 09:23:41 info: At quoteFetch with SPY
2025-02-14 09:23:41 info: at get accessToken
2025-02-14 09:23:41 error: Error fetching quote: undefined
2025-02-14 09:23:46 info: At quoteFetch with SPY
2025-02-14 09:23:46 info: at get accessToken
2025-02-14 09:23:46 error: Error fetching quote: undefined
2025-02-14 09:23:51 info: At quoteFetch with SPY
2025-02-14 09:23:51 info: at get accessToken
2025-02-14 09:23:51 error: Error fetching quote: undefined
2025-02-14 09:33:16 info: At quoteFetch with SPY
2025-02-14 09:33:16 info: at get accessToken
2025-02-14 09:33:17 error: Error fetching quote: undefined
2025-02-14 09:33:21 info: At quoteFetch with SPY
2025-02-14 09:33:21 info: at get accessToken
2025-02-14 09:33:21 error: Error fetching quote: undefined
